<?xml version="1.0" encoding="UTF-8"?>
<testng-results ignored="0" total="1" passed="1" failed="0" skipped="0">
  <reporter-output>
  </reporter-output>
  <suite started-at="2025-12-11T12:26:15 IST" name="Default suite" finished-at="2025-12-11T12:26:25 IST" duration-ms="9602">
    <groups>
    </groups>
    <test started-at="2025-12-11T12:26:15 IST" name="Default test" finished-at="2025-12-11T12:26:25 IST" duration-ms="9602">
      <class name="TestProject.TestRun">
        <test-method is-config="true" signature="setupReport()[pri:0, instance:TestProject.TestRun@1d2adfbe]" started-at="2025-12-11T12:26:15 IST" name="setupReport" finished-at="2025-12-11T12:26:15 IST" duration-ms="12" status="PASS">
          <reporter-output>
          </reporter-output>
        </test-method> <!-- setupReport -->
        <test-method is-config="true" signature="Load_browser(java.lang.String)[pri:0, instance:TestProject.TestRun@1d2adfbe]" started-at="2025-12-11T12:26:15 IST" name="Load_browser" finished-at="2025-12-11T12:26:21 IST" duration-ms="5511" status="PASS">
          <params>
            <param index="0">
              <value>
                <![CDATA[chrome]]>
              </value>
            </param>
          </params>
          <reporter-output>
          </reporter-output>
        </test-method> <!-- Load_browser -->
        <test-method signature="SampleTest()[pri:1, instance:TestProject.TestRun@1d2adfbe]" started-at="2025-12-11T12:26:21 IST" name="SampleTest" finished-at="2025-12-11T12:26:24 IST" duration-ms="3428" status="PASS">
          <reporter-output>
          </reporter-output>
        </test-method> <!-- SampleTest -->
        <test-method is-config="true" signature="tearDown()[pri:0, instance:TestProject.TestRun@1d2adfbe]" started-at="2025-12-11T12:26:24 IST" name="tearDown" finished-at="2025-12-11T12:26:25 IST" duration-ms="608" status="PASS">
          <reporter-output>
          </reporter-output>
        </test-method> <!-- tearDown -->
      </class> <!-- TestProject.TestRun -->
    </test> <!-- Default test -->
  </suite> <!-- Default suite -->
</testng-results>
